EZ Jr stub: enabled (title EZGB). Set SAMEBOY_EZFLASH_JR=0 to disable.
EZ Jr stub: soft-patched SD init hang at $0e0a -> always success
EZ Jr stub: loaded SD image /Users/lukesau/git/ezgb/sd/card.img (67108864 bytes)
EZ Jr FPGA: commit last=$7fc0=$03
EZ Jr FPGA: commit last=$7fc0=$00
EZ Jr FPGA: commit last=$7f30=$01
EZ Jr FPGA: commit last=$7fb4=$01
EZ Jr FPGA: commit last=$7f30=$03
EZ Jr SD: READ LBA=0 count=1
EZ Jr FPGA: commit last=$7f30=$01
EZ Jr FPGA: commit last=$7f30=$00
EZ Jr FPGA: commit last=$7fc0=$03
EZ Jr FPGA: commit last=$7fc0=$00
EZ Jr FPGA: commit last=$7fc0=$00
EZ Jr FPGA: commit last=$7fc0=$00
EZ Jr FPGA: commit last=$7f30=$01
EZ Jr FPGA: commit last=$7fb4=$01
EZ Jr FPGA: commit last=$7f30=$03
EZ Jr SD: READ LBA=257 count=1
EZ Jr FPGA: commit last=$7f30=$01
EZ Jr FPGA: commit last=$7f30=$00
EZ Jr FPGA: commit last=$7fc0=$03
EZ Jr FPGA: commit last=$7fc0=$00
EZ Jr FPGA: commit last=$7fc0=$03
EZ Jr FPGA: commit last=$7fc0=$00
EZ Jr FPGA: commit last=$7fc0=$03
EZ Jr FPGA: commit last=$7fc0=$00
EZ Jr FPGA: commit last=$7fc0=$03
